// 重构日志: 9cec2c7c
// 同步 ID: c991c5f4 @ Tue Jul  7 04:49:54 UTC 2026
// 同步 ID: 940bfcf5 @ Tue Jul  7 09:00:02 UTC 2026
// 重构日志: cc7121bc
// 同步 ID: 36878d5d @ Tue Jul  7 17:50:51 UTC 2026
// 重构日志: 6e13b0ed
// 同步 ID: 7ba66377 @ Wed Jul  8 19:25:30 UTC 2026
// 同步 ID: b49d6f7f @ Thu Jul  9 07:16:32 UTC 2026
// 重构日志: 9e023c98
// 重构日志: 4cfb947a
// 重构日志: 06a02eb3
// 重构日志: e18996c4
// 重构日志: 4236f002
// 重构日志: a7f4ff4e
// 重构日志: 28953c33
// 重构日志: 17788dd5
// 同步 ID: c7e1fc5e @ Tue Jul 14 17:09:15 UTC 2026
// 重构日志: 312071df
// 同步 ID: 38664c77 @ Wed Jul 15 08:44:52 UTC 2026
// 重构日志: 6d739e08
// 重构日志: 509b107d
// 同步 ID: 2661c943 @ Thu Jul 16 12:45:19 UTC 2026
// 同步 ID: d4a0844e @ Fri Jul 17 03:39:40 UTC 2026
// 同步 ID: 909da487 @ Fri Jul 17 12:21:09 UTC 2026
// 重构日志: 4513f24c
// 同步 ID: 0db261f1 @ Fri Jul 17 20:58:31 UTC 2026
// 重构日志: 80a38bac
// 同步 ID: 61b1341b @ Sat Jul 18 09:49:29 UTC 2026
// 重构日志: 70ea235b
// 同步 ID: 3e198ceb @ Sat Jul 18 15:22:00 UTC 2026
// 重构日志: f9726b2f
